Using pre-set license
Built from '2021.3/staging' branch; Version is '2021.3.23f1 (213b516bf396) revision 2177873'; Using compiler version '192829333'; Build Type 'Release'
OS: 'Windows 11  (10.0.22621) 64bit Professional' Language: 'en' Physical Memory: 15791 MB
BatchMode: 1, IsHumanControllingUs: 0, StartBugReporterOnCrash: 0, Is64bit: 1, IsPro: 1

COMMAND LINE ARGUMENTS:
C:\Program Files\Unity\Hub\Editor\2021.3.23f1\Editor\Unity.exe
-adb2
-batchMode
-noUpm
-name
AssetImportWorker1
-projectPath
D:/Proiect/Unity/Ecspel
-logFile
Logs/AssetImportWorker1.log
-srvPort
57259
Successfully changed project path to: D:/Proiect/Unity/Ecspel
D:/Proiect/Unity/Ecspel
[UnityMemory] Configuration Parameters - Can be set up in boot.config
    "memorysetup-bucket-allocator-granularity=16"
    "memorysetup-bucket-allocator-bucket-count=8"
    "memorysetup-bucket-allocator-block-size=33554432"
    "memorysetup-bucket-allocator-block-count=8"
    "memorysetup-main-allocator-block-size=16777216"
    "memorysetup-thread-allocator-block-size=16777216"
    "memorysetup-gfx-main-allocator-block-size=16777216"
    "memorysetup-gfx-thread-allocator-block-size=16777216"
    "memorysetup-cache-allocator-block-size=4194304"
    "memorysetup-typetree-allocator-block-size=2097152"
    "memorysetup-profiler-bucket-allocator-granularity=16"
    "memorysetup-profiler-bucket-allocator-bucket-count=8"
    "memorysetup-profiler-bucket-allocator-block-size=33554432"
    "memorysetup-profiler-bucket-allocator-block-count=8"
    "memorysetup-profiler-allocator-block-size=16777216"
    "memorysetup-profiler-editor-allocator-block-size=1048576"
    "memorysetup-temp-allocator-size-main=16777216"
    "memorysetup-job-temp-allocator-block-size=2097152"
    "memorysetup-job-temp-allocator-block-size-background=1048576"
    "memorysetup-job-temp-allocator-reduction-small-platforms=262144"
    "memorysetup-temp-allocator-size-background-worker=32768"
    "memorysetup-temp-allocator-size-job-worker=262144"
    "memorysetup-temp-allocator-size-preload-manager=33554432"
    "memorysetup-temp-allocator-size-nav-mesh-worker=65536"
    "memorysetup-temp-allocator-size-audio-worker=65536"
    "memorysetup-temp-allocator-size-cloud-worker=32768"
    "memorysetup-temp-allocator-size-gi-baking-worker=262144"
    "memorysetup-temp-allocator-size-gfx=262144"
Player connection [12096] Host "[IP] 192.168.0.169 [Port] 0 [Flags] 2 [Guid] 3939290145 [EditorId] 3939290145 [Version] 1048832 [Id] WindowsEditor(7,Sever-PC) [Debug] 1 [PackageName] WindowsEditor [ProjectName] Editor" joined multi-casting on [225.0.0.222:54997]...

Player connection [12096] Host "[IP] 192.168.0.169 [Port] 0 [Flags] 2 [Guid] 3939290145 [EditorId] 3939290145 [Version] 1048832 [Id] WindowsEditor(7,Sever-PC) [Debug] 1 [PackageName] WindowsEditor [ProjectName] Editor" joined alternative multi-casting on [225.0.0.222:34997]...

Refreshing native plugins compatible for Editor in 282.92 ms, found 4 plugins.
Preloading 0 native plugins for Editor in 0.00 ms.
Initialize engine version: 2021.3.23f1 (213b516bf396)
[Subsystems] Discovering subsystems at path C:/Program Files/Unity/Hub/Editor/2021.3.23f1/Editor/Data/Resources/UnitySubsystems
[Subsystems] Discovering subsystems at path D:/Proiect/Unity/Ecspel/Assets
GfxDevice: creating device client; threaded=0; jobified=0
Direct3D:
    Version:  Direct3D 11.0 [level 11.1]
    Renderer: NVIDIA GeForce GTX 1650 (ID=0x1f9d)
    Vendor:   NVIDIA
    VRAM:     3950 MB
    Driver:   31.0.15.3161
Initialize mono
Mono path[0] = 'C:/Program Files/Unity/Hub/Editor/2021.3.23f1/Editor/Data/Managed'
Mono path[1] = 'C:/Program Files/Unity/Hub/Editor/2021.3.23f1/Editor/Data/MonoBleedingEdge/lib/mono/unityjit-win32'
Mono config path = 'C:/Program Files/Unity/Hub/Editor/2021.3.23f1/Editor/Data/MonoBleedingEdge/etc'
Using monoOptions --debugger-agent=transport=dt_socket,embedding=1,server=y,suspend=n,address=127.0.0.1:56760
Begin MonoManager ReloadAssembly
Registering precompiled unity dll's ...
Register platform support module: C:/Program Files/Unity/Hub/Editor/2021.3.23f1/Editor/Data/PlaybackEngines/WindowsStandaloneSupport/UnityEditor.WindowsStandalone.Extensions.dll
Registered in 0.004429 seconds.
Native extension for WindowsStandalone target not found
Refreshing native plugins compatible for Editor in 247.93 ms, found 4 plugins.
Preloading 0 native plugins for Editor in 0.00 ms.
Mono: successfully reloaded assembly
- Completed reload, in  0.819 seconds
Domain Reload Profiling:
	ReloadAssembly (819ms)
		BeginReloadAssembly (84ms)
			ExecutionOrderSort (0ms)
			DisableScriptedObjects (0ms)
			BackupInstance (0ms)
			ReleaseScriptingObjects (0ms)
			CreateAndSetChildDomain (1ms)
		EndReloadAssembly (639ms)
			LoadAssemblies (82ms)
			RebuildTransferFunctionScriptingTraits (0ms)
			SetupTypeCache (102ms)
			ReleaseScriptCaches (0ms)
			RebuildScriptCaches (32ms)
			SetupLoadedEditorAssemblies (450ms)
				LogAssemblyErrors (0ms)
				InitializePlatformSupportModulesInManaged (8ms)
				SetLoadedEditorAssemblies (0ms)
				RefreshPlugins (248ms)
				BeforeProcessingInitializeOnLoad (2ms)
				ProcessInitializeOnLoadAttributes (146ms)
				ProcessInitializeOnLoadMethodAttributes (47ms)
				AfterProcessingInitializeOnLoad (0ms)
				EditorAssembliesLoaded (0ms)
			ExecutionOrderSort2 (0ms)
			AwakeInstancesAfterBackupRestoration (0ms)
Platform modules already initialized, skipping
Registering precompiled user dll's ...
Registered in 0.003713 seconds.
Begin MonoManager ReloadAssembly
Symbol file LoadedFromMemory doesn't match image D:\Proiect\Unity\Ecspel\Library\PackageCache\com.unity.visualscripting@1.8.0\Editor\VisualScripting.Core\Dependencies\YamlDotNet\Unity.VisualScripting.YamlDotNet.dll
Symbol file LoadedFromMemory doesn't match image D:\Proiect\Unity\Ecspel\Library\PackageCache\com.unity.visualscripting@1.8.0\Editor\VisualScripting.Core\Dependencies\DotNetZip\Unity.VisualScripting.IonicZip.dll
Native extension for WindowsStandalone target not found
Refreshing native plugins compatible for Editor in 268.00 ms, found 4 plugins.
Preloading 0 native plugins for Editor in 0.00 ms.
Mono: successfully reloaded assembly
- Completed reload, in  1.751 seconds
Domain Reload Profiling:
	ReloadAssembly (1752ms)
		BeginReloadAssembly (122ms)
			ExecutionOrderSort (0ms)
			DisableScriptedObjects (6ms)
			BackupInstance (0ms)
			ReleaseScriptingObjects (0ms)
			CreateAndSetChildDomain (20ms)
		EndReloadAssembly (1531ms)
			LoadAssemblies (100ms)
			RebuildTransferFunctionScriptingTraits (0ms)
			SetupTypeCache (298ms)
			ReleaseScriptCaches (1ms)
			RebuildScriptCaches (94ms)
			SetupLoadedEditorAssemblies (999ms)
				LogAssemblyErrors (0ms)
				InitializePlatformSupportModulesInManaged (6ms)
				SetLoadedEditorAssemblies (0ms)
				RefreshPlugins (268ms)
				BeforeProcessingInitializeOnLoad (125ms)
				ProcessInitializeOnLoadAttributes (500ms)
				ProcessInitializeOnLoadMethodAttributes (92ms)
				AfterProcessingInitializeOnLoad (6ms)
				EditorAssembliesLoaded (0ms)
			ExecutionOrderSort2 (0ms)
			AwakeInstancesAfterBackupRestoration (5ms)
Platform modules already initialized, skipping
========================================================================
Worker process is ready to serve import requests
Launched and connected shader compiler UnityShaderCompiler.exe after 0.06 seconds
Refreshing native plugins compatible for Editor in 2.65 ms, found 4 plugins.
Preloading 0 native plugins for Editor in 0.00 ms.
Unloading 5916 Unused Serialized files (Serialized files now loaded: 0)
Unloading 55 unused Assets / (1.9 MB). Loaded Objects now: 6361.
Memory consumption went from 249.4 MB to 247.4 MB.
Total: 4.730000 ms (FindLiveObjects: 0.628100 ms CreateObjectMapping: 0.375500 ms MarkObjects: 3.123100 ms  DeleteObjects: 0.601200 ms)

AssetImportParameters requested are different than current active one (requested -> active):
  custom:video-decoder-ogg-theora: a1e56fd34408186e4bbccfd4996cb3dc -> 
  custom:container-muxer-webm: aa71ff27fc2769a1b78a27578f13a17b -> 
  custom:container-demuxer-webm: 4f35f7cbe854078d1ac9338744f61a02 -> 
  custom:video-encoder-webm-vp8: eb34c28f22e8b96e1ab97ce403110664 -> 
  custom:video-codec-MediaFoundation-h265: 746d11721c4dcdbdad8f713fa42b33f4 -> 
  custom:audio-encoder-webm-vorbis: bf7c407c2cedff20999df2af8eb42d56 -> 
  custom:framework-win-MediaFoundation: 216162199b28c13a410421893ffa2e32 -> 
  custom:container-demuxer-ogg: 62fdf1f143b41e24485cea50d1cbac27 -> 
  custom:video-decoder-webm-vp8: 9c59270c3fd7afecdb556c50c9e8de78 -> 
  custom:audio-decoder-ogg-vorbis: bf7c407c2cedff20999df2af8eb42d56 -> 
========================================================================
Received Import Request.
  Time since last request: 120714.112969 seconds.
  path: Assets/Test/UI_Corner_Inventory_16x16.png
  artifactKey: Guid(dde22ab40dcd2ae4887c0bbd01e88119) Importer(815301076,1909f56bfc062723c751e8b465ee728b)
Start importing Assets/Test/UI_Corner_Inventory_16x16.png using Guid(dde22ab40dcd2ae4887c0bbd01e88119) Importer(815301076,1909f56bfc062723c751e8b465ee728b)  -> (artifact id: '95f97bccf66175822dd521998790c3ff') in 0.145234 seconds 
========================================================================
Received Import Request.
  Time since last request: 0.000045 seconds.
  path: Assets/Test/Shop_Tab.png
  artifactKey: Guid(0eb677a67e201be44a6d6d98265d3fb2) Importer(815301076,1909f56bfc062723c751e8b465ee728b)
Start importing Assets/Test/Shop_Tab.png using Guid(0eb677a67e201be44a6d6d98265d3fb2) Importer(815301076,1909f56bfc062723c751e8b465ee728b)  -> (artifact id: 'a992bff8a14bec4c120ca39d9696b44a') in 0.016207 seconds 
========================================================================
Received Import Request.
  Time since last request: 0.000039 seconds.
  path: Assets/Test/Tools_Weapons.png
  artifactKey: Guid(b6e40fea0f19e7f46acff62d916323a4) Importer(815301076,1909f56bfc062723c751e8b465ee728b)
Start importing Assets/Test/Tools_Weapons.png using Guid(b6e40fea0f19e7f46acff62d916323a4) Importer(815301076,1909f56bfc062723c751e8b465ee728b)  -> (artifact id: '89845348f854e80b7ec678e3f2313b3f') in 0.278294 seconds 
========================================================================
Received Import Request.
  Time since last request: 0.000031 seconds.
  path: Assets/Test/Quest_Sub.png
  artifactKey: Guid(eb5ea1eb161ff914e9ff89cf52e07a7e) Importer(815301076,1909f56bfc062723c751e8b465ee728b)
Start importing Assets/Test/Quest_Sub.png using Guid(eb5ea1eb161ff914e9ff89cf52e07a7e) Importer(815301076,1909f56bfc062723c751e8b465ee728b)  -> (artifact id: '771233dcc69d7715fea229f45fb5ec2c') in 0.014221 seconds 
========================================================================
Received Import Request.
  Time since last request: 0.000037 seconds.
  path: Assets/Test/Quest_Icon.png
  artifactKey: Guid(11bb9229919f1d44db7d0ca321d4aa39) Importer(815301076,1909f56bfc062723c751e8b465ee728b)
Start importing Assets/Test/Quest_Icon.png using Guid(11bb9229919f1d44db7d0ca321d4aa39) Importer(815301076,1909f56bfc062723c751e8b465ee728b)  -> (artifact id: '7eb6a8d57f9e2de4ad130424e349d249') in 0.014763 seconds 
========================================================================
Received Import Request.
  Time since last request: 0.000062 seconds.
  path: Assets/Test/UI_Corner_16x16.png
  artifactKey: Guid(d005ad7eedad7d84b9a00a0486992cfb) Importer(815301076,1909f56bfc062723c751e8b465ee728b)
Start importing Assets/Test/UI_Corner_16x16.png using Guid(d005ad7eedad7d84b9a00a0486992cfb) Importer(815301076,1909f56bfc062723c751e8b465ee728b)  -> (artifact id: '63fc4f6736ca89bb1b7116e2cd6a826e') in 0.013759 seconds 
========================================================================
Received Import Request.
  Time since last request: 0.000024 seconds.
  path: Assets/Test/ItemSlot_Big.png
  artifactKey: Guid(98d5c4a17c7b3944c96af189ae3aeb84) Importer(815301076,1909f56bfc062723c751e8b465ee728b)
Start importing Assets/Test/ItemSlot_Big.png using Guid(98d5c4a17c7b3944c96af189ae3aeb84) Importer(815301076,1909f56bfc062723c751e8b465ee728b)  -> (artifact id: 'c022d67a8b4a07a15758bf458099d81c') in 0.014620 seconds 
========================================================================
Received Import Request.
  Time since last request: 0.000033 seconds.
  path: Assets/Test/Trees_Ground.png
  artifactKey: Guid(d56b36e222966d44daa41131664ca37d) Importer(815301076,1909f56bfc062723c751e8b465ee728b)
Start importing Assets/Test/Trees_Ground.png using Guid(d56b36e222966d44daa41131664ca37d) Importer(815301076,1909f56bfc062723c751e8b465ee728b)  -> (artifact id: '35d03f07cacf8ae38f8b7671b9a9283b') in 0.018664 seconds 
========================================================================
Received Import Request.
  Time since last request: 0.000029 seconds.
  path: Assets/Test/Trees.png
  artifactKey: Guid(dd84032c2e1b83b4bb17ec44277adbe8) Importer(815301076,1909f56bfc062723c751e8b465ee728b)
Start importing Assets/Test/Trees.png using Guid(dd84032c2e1b83b4bb17ec44277adbe8) Importer(815301076,1909f56bfc062723c751e8b465ee728b)  -> (artifact id: 'c26ff3808c5edff1954f0c513037003f') in 0.095041 seconds 
========================================================================
Received Import Request.
  Time since last request: 0.000023 seconds.
  path: Assets/Test/UI_Corner_Item_Details.png
  artifactKey: Guid(081977dd912018b4b9eea95cd82c51b8) Importer(815301076,1909f56bfc062723c751e8b465ee728b)
Start importing Assets/Test/UI_Corner_Item_Details.png using Guid(081977dd912018b4b9eea95cd82c51b8) Importer(815301076,1909f56bfc062723c751e8b465ee728b)  -> (artifact id: 'fbd2136f3c7a24ed88a831f5cf24a6c3') in 0.014351 seconds 
========================================================================
Received Import Request.
  Time since last request: 0.000057 seconds.
  path: Assets/Test/Quest_Tab.png
  artifactKey: Guid(9bd392a17b7bf224bbb9ffa95f71c3e1) Importer(815301076,1909f56bfc062723c751e8b465ee728b)
Start importing Assets/Test/Quest_Tab.png using Guid(9bd392a17b7bf224bbb9ffa95f71c3e1) Importer(815301076,1909f56bfc062723c751e8b465ee728b)  -> (artifact id: 'a799ef4be7071a9b688748da28245624') in 0.014455 seconds 
========================================================================
Received Import Request.
  Time since last request: 0.000051 seconds.
  path: Assets/Test/Quest_Mark.png
  artifactKey: Guid(dbb725831bc980b43a968dfb0a031db9) Importer(815301076,1909f56bfc062723c751e8b465ee728b)
Start importing Assets/Test/Quest_Mark.png using Guid(dbb725831bc980b43a968dfb0a031db9) Importer(815301076,1909f56bfc062723c751e8b465ee728b)  -> (artifact id: '2fe7f96bcbca06afe9b7be2b4ed6b253') in 0.013288 seconds 
========================================================================
Received Import Request.
  Time since last request: 0.000041 seconds.
  path: Assets/Test/UI_Middle.png
  artifactKey: Guid(d0ed0ed0cefc254449a74a8d0ba6bd65) Importer(815301076,1909f56bfc062723c751e8b465ee728b)
Start importing Assets/Test/UI_Middle.png using Guid(d0ed0ed0cefc254449a74a8d0ba6bd65) Importer(815301076,1909f56bfc062723c751e8b465ee728b)  -> (artifact id: '1258d9c4adbbe1a762383e4970a07f22') in 0.014031 seconds 
========================================================================
Received Import Request.
  Time since last request: 0.000033 seconds.
  path: Assets/Test/Quest_Button.png
  artifactKey: Guid(e226e3741dd0b4d44b765cce2c719686) Importer(815301076,1909f56bfc062723c751e8b465ee728b)
Start importing Assets/Test/Quest_Button.png using Guid(e226e3741dd0b4d44b765cce2c719686) Importer(815301076,1909f56bfc062723c751e8b465ee728b)  -> (artifact id: 'e0e99411ae80496053f068ca6be13132') in 0.015913 seconds 
========================================================================
Received Import Request.
  Time since last request: 0.000046 seconds.
  path: Assets/Test/ItemSlot.png
  artifactKey: Guid(ccd12cbea9242c9499ac4f45b7c2a107) Importer(815301076,1909f56bfc062723c751e8b465ee728b)
Start importing Assets/Test/ItemSlot.png using Guid(ccd12cbea9242c9499ac4f45b7c2a107) Importer(815301076,1909f56bfc062723c751e8b465ee728b)  -> (artifact id: '7d73543878b5a7edc8c80222c566ac82') in 0.013351 seconds 
========================================================================
Received Import Request.
  Time since last request: 0.000027 seconds.
  path: Assets/Test/UI_Corner.png
  artifactKey: Guid(b1c93ff23a866b9459a8dbf968cfa27a) Importer(815301076,1909f56bfc062723c751e8b465ee728b)
Start importing Assets/Test/UI_Corner.png using Guid(b1c93ff23a866b9459a8dbf968cfa27a) Importer(815301076,1909f56bfc062723c751e8b465ee728b)  -> (artifact id: '480b5c80a787b2c2f24740a574969e65') in 0.015093 seconds 
========================================================================
Received Prepare
Registering precompiled user dll's ...
Registered in 0.003686 seconds.
Begin MonoManager ReloadAssembly
Symbol file LoadedFromMemory doesn't match image D:\Proiect\Unity\Ecspel\Library\PackageCache\com.unity.visualscripting@1.8.0\Editor\VisualScripting.Core\Dependencies\YamlDotNet\Unity.VisualScripting.YamlDotNet.dll
Symbol file LoadedFromMemory doesn't match image D:\Proiect\Unity\Ecspel\Library\PackageCache\com.unity.visualscripting@1.8.0\Editor\VisualScripting.Core\Dependencies\DotNetZip\Unity.VisualScripting.IonicZip.dll
Native extension for WindowsStandalone target not found
Refreshing native plugins compatible for Editor in 2.53 ms, found 4 plugins.
Preloading 0 native plugins for Editor in 0.00 ms.
Mono: successfully reloaded assembly
- Completed reload, in  1.500 seconds
Domain Reload Profiling:
	ReloadAssembly (1501ms)
		BeginReloadAssembly (165ms)
			ExecutionOrderSort (0ms)
			DisableScriptedObjects (10ms)
			BackupInstance (0ms)
			ReleaseScriptingObjects (0ms)
			CreateAndSetChildDomain (50ms)
		EndReloadAssembly (1237ms)
			LoadAssemblies (110ms)
			RebuildTransferFunctionScriptingTraits (0ms)
			SetupTypeCache (318ms)
			ReleaseScriptCaches (2ms)
			RebuildScriptCaches (59ms)
			SetupLoadedEditorAssemblies (700ms)
				LogAssemblyErrors (0ms)
				InitializePlatformSupportModulesInManaged (6ms)
				SetLoadedEditorAssemblies (1ms)
				RefreshPlugins (3ms)
				BeforeProcessingInitializeOnLoad (103ms)
				ProcessInitializeOnLoadAttributes (484ms)
				ProcessInitializeOnLoadMethodAttributes (97ms)
				AfterProcessingInitializeOnLoad (6ms)
				EditorAssembliesLoaded (0ms)
			ExecutionOrderSort2 (0ms)
			AwakeInstancesAfterBackupRestoration (8ms)
Platform modules already initialized, skipping
Refreshing native plugins compatible for Editor in 4.90 ms, found 4 plugins.
Preloading 0 native plugins for Editor in 0.00 ms.
Unloading 5788 Unused Serialized files (Serialized files now loaded: 0)
Unloading 40 unused Assets / (1.9 MB). Loaded Objects now: 6439.
Memory consumption went from 251.4 MB to 249.5 MB.
Total: 6.638500 ms (FindLiveObjects: 0.700200 ms CreateObjectMapping: 0.543300 ms MarkObjects: 4.740300 ms  DeleteObjects: 0.653000 ms)

AssetImportParameters requested are different than current active one (requested -> active):
  custom:video-decoder-ogg-theora: a1e56fd34408186e4bbccfd4996cb3dc -> 
  custom:container-muxer-webm: aa71ff27fc2769a1b78a27578f13a17b -> 
  custom:container-demuxer-webm: 4f35f7cbe854078d1ac9338744f61a02 -> 
  custom:video-encoder-webm-vp8: eb34c28f22e8b96e1ab97ce403110664 -> 
  custom:video-codec-MediaFoundation-h265: 746d11721c4dcdbdad8f713fa42b33f4 -> 
  custom:audio-encoder-webm-vorbis: bf7c407c2cedff20999df2af8eb42d56 -> 
  custom:framework-win-MediaFoundation: 216162199b28c13a410421893ffa2e32 -> 
  custom:container-demuxer-ogg: 62fdf1f143b41e24485cea50d1cbac27 -> 
  custom:video-decoder-webm-vp8: 9c59270c3fd7afecdb556c50c9e8de78 -> 
  custom:audio-decoder-ogg-vorbis: bf7c407c2cedff20999df2af8eb42d56 -> 
========================================================================
Received Prepare
Registering precompiled user dll's ...
Registered in 0.005906 seconds.
Begin MonoManager ReloadAssembly
Symbol file LoadedFromMemory doesn't match image D:\Proiect\Unity\Ecspel\Library\PackageCache\com.unity.visualscripting@1.8.0\Editor\VisualScripting.Core\Dependencies\YamlDotNet\Unity.VisualScripting.YamlDotNet.dll
Symbol file LoadedFromMemory doesn't match image D:\Proiect\Unity\Ecspel\Library\PackageCache\com.unity.visualscripting@1.8.0\Editor\VisualScripting.Core\Dependencies\DotNetZip\Unity.VisualScripting.IonicZip.dll
Native extension for WindowsStandalone target not found
Refreshing native plugins compatible for Editor in 5.96 ms, found 4 plugins.
Preloading 0 native plugins for Editor in 0.00 ms.
Mono: successfully reloaded assembly
- Completed reload, in  1.738 seconds
Domain Reload Profiling:
	ReloadAssembly (1739ms)
		BeginReloadAssembly (195ms)
			ExecutionOrderSort (0ms)
			DisableScriptedObjects (8ms)
			BackupInstance (0ms)
			ReleaseScriptingObjects (0ms)
			CreateAndSetChildDomain (64ms)
		EndReloadAssembly (1427ms)
			LoadAssemblies (139ms)
			RebuildTransferFunctionScriptingTraits (0ms)
			SetupTypeCache (330ms)
			ReleaseScriptCaches (3ms)
			RebuildScriptCaches (76ms)
			SetupLoadedEditorAssemblies (821ms)
				LogAssemblyErrors (0ms)
				InitializePlatformSupportModulesInManaged (8ms)
				SetLoadedEditorAssemblies (1ms)
				RefreshPlugins (6ms)
				BeforeProcessingInitializeOnLoad (124ms)
				ProcessInitializeOnLoadAttributes (549ms)
				ProcessInitializeOnLoadMethodAttributes (126ms)
				AfterProcessingInitializeOnLoad (7ms)
				EditorAssembliesLoaded (0ms)
			ExecutionOrderSort2 (0ms)
			AwakeInstancesAfterBackupRestoration (9ms)
Platform modules already initialized, skipping
Refreshing native plugins compatible for Editor in 6.67 ms, found 4 plugins.
Preloading 0 native plugins for Editor in 0.00 ms.
Unloading 5788 Unused Serialized files (Serialized files now loaded: 0)
Unloading 40 unused Assets / (1.9 MB). Loaded Objects now: 6442.
Memory consumption went from 251.5 MB to 249.5 MB.
Total: 8.027400 ms (FindLiveObjects: 0.516100 ms CreateObjectMapping: 0.563400 ms MarkObjects: 5.965600 ms  DeleteObjects: 0.980400 ms)

AssetImportParameters requested are different than current active one (requested -> active):
  custom:video-decoder-ogg-theora: a1e56fd34408186e4bbccfd4996cb3dc -> 
  custom:container-muxer-webm: aa71ff27fc2769a1b78a27578f13a17b -> 
  custom:container-demuxer-webm: 4f35f7cbe854078d1ac9338744f61a02 -> 
  custom:video-encoder-webm-vp8: eb34c28f22e8b96e1ab97ce403110664 -> 
  custom:video-codec-MediaFoundation-h265: 746d11721c4dcdbdad8f713fa42b33f4 -> 
  custom:audio-encoder-webm-vorbis: bf7c407c2cedff20999df2af8eb42d56 -> 
  custom:framework-win-MediaFoundation: 216162199b28c13a410421893ffa2e32 -> 
  custom:container-demuxer-ogg: 62fdf1f143b41e24485cea50d1cbac27 -> 
  custom:video-decoder-webm-vp8: 9c59270c3fd7afecdb556c50c9e8de78 -> 
  custom:audio-decoder-ogg-vorbis: bf7c407c2cedff20999df2af8eb42d56 -> 
========================================================================
Received Import Request.
  Time since last request: 650.858778 seconds.
  path: Assets/Environment/Sprites/CL_Crops_Mining.png
  artifactKey: Guid(084d34e0a00a05f42afd3957c67dd3a3) Importer(815301076,1909f56bfc062723c751e8b465ee728b)
Start importing Assets/Environment/Sprites/CL_Crops_Mining.png using Guid(084d34e0a00a05f42afd3957c67dd3a3) Importer(815301076,1909f56bfc062723c751e8b465ee728b)  -> (artifact id: 'e6ddf0e999d6cee8a8a0595d101a56dc') in 1.648086 seconds 
========================================================================
Received Import Request.
  Time since last request: 0.000041 seconds.
  path: Assets/Environment/Sprites/CL_Buildings.png
  artifactKey: Guid(f84ac1d66f90dea4394ecf236e06be0c) Importer(815301076,1909f56bfc062723c751e8b465ee728b)
Start importing Assets/Environment/Sprites/CL_Buildings.png using Guid(f84ac1d66f90dea4394ecf236e06be0c) Importer(815301076,1909f56bfc062723c751e8b465ee728b)  -> (artifact id: '01f7ab2ef9fc59ca09b382d2d4415133') in 1.315073 seconds 
========================================================================
Received Import Request.
  Time since last request: 0.000054 seconds.
  path: Assets/Environment/Sprites/CL_Crops_winter.png
  artifactKey: Guid(b7ac9bb7e4cac2645905fb08bae39278) Importer(815301076,1909f56bfc062723c751e8b465ee728b)
Start importing Assets/Environment/Sprites/CL_Crops_winter.png using Guid(b7ac9bb7e4cac2645905fb08bae39278) Importer(815301076,1909f56bfc062723c751e8b465ee728b)  -> (artifact id: '3d9199ae9e22422f339f428e5e7fbe16') in 0.374170 seconds 
========================================================================
Received Import Request.
  Time since last request: 25.868233 seconds.
  path: Assets/Test/House_Interior.png
  artifactKey: Guid(b3b4869a466c68d4db797ef0b13c620d) Importer(815301076,1909f56bfc062723c751e8b465ee728b)
Start importing Assets/Test/House_Interior.png using Guid(b3b4869a466c68d4db797ef0b13c620d) Importer(815301076,1909f56bfc062723c751e8b465ee728b)  -> (artifact id: 'c6314209ef78958ec65de43dd0fc155e') in 0.097876 seconds 
========================================================================
Received Import Request.
  Time since last request: 0.000049 seconds.
  path: Assets/Test/Inventory_Text.png
  artifactKey: Guid(0a6f550c8e4762f469b9f52aa5c3637c) Importer(815301076,1909f56bfc062723c751e8b465ee728b)
Start importing Assets/Test/Inventory_Text.png using Guid(0a6f550c8e4762f469b9f52aa5c3637c) Importer(815301076,1909f56bfc062723c751e8b465ee728b)  -> (artifact id: '391896f25a750bae2813305122d268c0') in 0.025197 seconds 
========================================================================
Received Import Request.
  Time since last request: 0.000050 seconds.
  path: Assets/Test/Inventory_Tab.png
  artifactKey: Guid(af79e6c6e5ad3c344bb58bd0113e4a6b) Importer(815301076,1909f56bfc062723c751e8b465ee728b)
Start importing Assets/Test/Inventory_Tab.png using Guid(af79e6c6e5ad3c344bb58bd0113e4a6b) Importer(815301076,1909f56bfc062723c751e8b465ee728b)  -> (artifact id: '35c017a3cc1f00a570a2b0a202b49c91') in 0.021766 seconds 
========================================================================
Received Import Request.
  Time since last request: 16.336716 seconds.
  path: Assets/UI/Sprites/Icons/8/ArrowDownGreenDark.png
  artifactKey: Guid(78114b885b36db94ea95211069fcb893) Importer(815301076,1909f56bfc062723c751e8b465ee728b)
Start importing Assets/UI/Sprites/Icons/8/ArrowDownGreenDark.png using Guid(78114b885b36db94ea95211069fcb893) Importer(815301076,1909f56bfc062723c751e8b465ee728b)  -> (artifact id: '9be177fe08e9cc0f0d43ee504540f6c0') in 0.031715 seconds 
========================================================================
Received Import Request.
  Time since last request: 0.000057 seconds.
  path: Assets/UI/Sprites/Icons/8/CheckGreenDark.png
  artifactKey: Guid(bd53d26fa2e44a34ca6779a3f18b0552) Importer(815301076,1909f56bfc062723c751e8b465ee728b)
Start importing Assets/UI/Sprites/Icons/8/CheckGreenDark.png using Guid(bd53d26fa2e44a34ca6779a3f18b0552) Importer(815301076,1909f56bfc062723c751e8b465ee728b)  -> (artifact id: '5bea976caec2c85f0e49819631c5c6cb') in 0.018063 seconds 
========================================================================
Received Import Request.
  Time since last request: 0.000051 seconds.
  path: Assets/UI/Sprites/Icons/8/ArrowSmallDownGreen.png
  artifactKey: Guid(98a4e050b2f6f024eb3ec1c0da808a16) Importer(815301076,1909f56bfc062723c751e8b465ee728b)
Start importing Assets/UI/Sprites/Icons/8/ArrowSmallDownGreen.png using Guid(98a4e050b2f6f024eb3ec1c0da808a16) Importer(815301076,1909f56bfc062723c751e8b465ee728b)  -> (artifact id: '013354c55e734d84941c27baf335c702') in 0.021546 seconds 
========================================================================
Received Import Request.
  Time since last request: 0.000025 seconds.
  path: Packages/com.unity.2d.animation/Editor/Assets/SkinningModule/Icons/Light/Create_Edge@4x.png
  artifactKey: Guid(1f21190ca9d1e8540b2a3a2e46002685) Importer(815301076,1909f56bfc062723c751e8b465ee728b)
Start importing Packages/com.unity.2d.animation/Editor/Assets/SkinningModule/Icons/Light/Create_Edge@4x.png using Guid(1f21190ca9d1e8540b2a3a2e46002685) Importer(815301076,1909f56bfc062723c751e8b465ee728b)  -> (artifact id: '29e316168bdcdb1399eb88a7f9902194') in 0.020233 seconds 
========================================================================
Received Import Request.
  Time since last request: 0.000057 seconds.
  path: Assets/UI/Sprites/Icons/8/BinGreen.png
  artifactKey: Guid(814e2f18883081b4ba53ecb1a347088f) Importer(815301076,1909f56bfc062723c751e8b465ee728b)
Start importing Assets/UI/Sprites/Icons/8/BinGreen.png using Guid(814e2f18883081b4ba53ecb1a347088f) Importer(815301076,1909f56bfc062723c751e8b465ee728b)  -> (artifact id: 'de4b15d0ef300da94abce4f8bf802492') in 0.023332 seconds 
========================================================================
Received Import Request.
  Time since last request: 0.000058 seconds.
  path: Assets/UI/Sprites/Icons/8/CheckSmallGreenDark.png
  artifactKey: Guid(36aecb0a7ba24a945911eaa5e58f8d2a) Importer(815301076,1909f56bfc062723c751e8b465ee728b)
Start importing Assets/UI/Sprites/Icons/8/CheckSmallGreenDark.png using Guid(36aecb0a7ba24a945911eaa5e58f8d2a) Importer(815301076,1909f56bfc062723c751e8b465ee728b)  -> (artifact id: '1d4ba353c11cc7a9cafbe8bc9c2cb5a4') in 0.021937 seconds 
========================================================================
Received Import Request.
  Time since last request: 0.000021 seconds.
  path: Assets/UI/Sprites/Icons/8/ArrowUpGreenDark.png
  artifactKey: Guid(c7812cb76a45daa47ba8906573d323df) Importer(815301076,1909f56bfc062723c751e8b465ee728b)
Start importing Assets/UI/Sprites/Icons/8/ArrowUpGreenDark.png using Guid(c7812cb76a45daa47ba8906573d323df) Importer(815301076,1909f56bfc062723c751e8b465ee728b)  -> (artifact id: '2540eba02794c17f4fbac7ec013fb681') in 0.017059 seconds 
========================================================================
Received Import Request.
  Time since last request: 0.000024 seconds.
  path: Assets/UI/Sprites/Icons/8/ClockGreenDark.png
  artifactKey: Guid(f5059d232115089448bf0dcb3774f970) Importer(815301076,1909f56bfc062723c751e8b465ee728b)
Start importing Assets/UI/Sprites/Icons/8/ClockGreenDark.png using Guid(f5059d232115089448bf0dcb3774f970) Importer(815301076,1909f56bfc062723c751e8b465ee728b)  -> (artifact id: 'ea2d2c1efc62b745b11a2800bc4b1fe3') in 0.016650 seconds 
========================================================================
Received Import Request.
  Time since last request: 0.000043 seconds.
  path: Assets/UI/Sprites/Icons/8/BasketGreenDark.png
  artifactKey: Guid(dd7ae1fc67e6dae44891e9b63f3f744c) Importer(815301076,1909f56bfc062723c751e8b465ee728b)
Start importing Assets/UI/Sprites/Icons/8/BasketGreenDark.png using Guid(dd7ae1fc67e6dae44891e9b63f3f744c) Importer(815301076,1909f56bfc062723c751e8b465ee728b)  -> (artifact id: '57db410ba8cd3d2d65adfa9d65e5578c') in 0.020896 seconds 
========================================================================
Received Import Request.
  Time since last request: 0.000025 seconds.
  path: Packages/com.unity.2d.animation/Editor/Assets/SkinningModule/Icons/Light/Create_Vertex.png
  artifactKey: Guid(31f371f2dfe50c34081023094aed72c3) Importer(815301076,1909f56bfc062723c751e8b465ee728b)
Start importing Packages/com.unity.2d.animation/Editor/Assets/SkinningModule/Icons/Light/Create_Vertex.png using Guid(31f371f2dfe50c34081023094aed72c3) Importer(815301076,1909f56bfc062723c751e8b465ee728b)  -> (artifact id: '138d08e8eb430d6c7076dc0911091ab2') in 0.018733 seconds 
========================================================================
Received Import Request.
  Time since last request: 0.000064 seconds.
  path: Assets/UI/Sprites/Icons/8/ArrowSmallLeftGreen.png
  artifactKey: Guid(7a2d7d5421317b547ae764e74f27e982) Importer(815301076,1909f56bfc062723c751e8b465ee728b)
Start importing Assets/UI/Sprites/Icons/8/ArrowSmallLeftGreen.png using Guid(7a2d7d5421317b547ae764e74f27e982) Importer(815301076,1909f56bfc062723c751e8b465ee728b)  -> (artifact id: '98b72e321a13b0e940fa53dddb350965') in 0.016092 seconds 
========================================================================
Received Import Request.
  Time since last request: 0.000061 seconds.
  path: Assets/UI/Sprites/Icons/8/ArrowRightGreenDark.png
  artifactKey: Guid(7c643b6ed5822364dab8334a9f9c0a7a) Importer(815301076,1909f56bfc062723c751e8b465ee728b)
Start importing Assets/UI/Sprites/Icons/8/ArrowRightGreenDark.png using Guid(7c643b6ed5822364dab8334a9f9c0a7a) Importer(815301076,1909f56bfc062723c751e8b465ee728b)  -> (artifact id: '41eea87ab364b04fa3c7a047853bec07') in 0.016979 seconds 
========================================================================
Received Import Request.
  Time since last request: 0.000070 seconds.
  path: Assets/UI/Sprites/Icons/8/ChatGreen.png
  artifactKey: Guid(37f582d8798cec142830b5c623e172e8) Importer(815301076,1909f56bfc062723c751e8b465ee728b)
Start importing Assets/UI/Sprites/Icons/8/ChatGreen.png using Guid(37f582d8798cec142830b5c623e172e8) Importer(815301076,1909f56bfc062723c751e8b465ee728b)  -> (artifact id: 'b8246b8f03cb961717e2ab7b0f614b5d') in 0.017348 seconds 
========================================================================
Received Import Request.
  Time since last request: 0.000071 seconds.
  path: Packages/com.unity.2d.animation/Editor/Assets/SkinningModule/Icons/Light/Create_Edge.png
  artifactKey: Guid(1af9d2e44ecf3a2468601c9071df581f) Importer(815301076,1909f56bfc062723c751e8b465ee728b)
Start importing Packages/com.unity.2d.animation/Editor/Assets/SkinningModule/Icons/Light/Create_Edge.png using Guid(1af9d2e44ecf3a2468601c9071df581f) Importer(815301076,1909f56bfc062723c751e8b465ee728b)  -> (artifact id: '7631a2d112f7cffa271e9933d8d26521') in 0.016409 seconds 
========================================================================
Received Import Request.
  Time since last request: 0.000022 seconds.
  path: Packages/com.unity.2d.animation/Editor/Assets/SkinningModule/Icons/Selected/Create_Edge.png
  artifactKey: Guid(ad7b296d426713b4593ee1a19fcbf9d1) Importer(815301076,1909f56bfc062723c751e8b465ee728b)
Start importing Packages/com.unity.2d.animation/Editor/Assets/SkinningModule/Icons/Selected/Create_Edge.png using Guid(ad7b296d426713b4593ee1a19fcbf9d1) Importer(815301076,1909f56bfc062723c751e8b465ee728b)  -> (artifact id: '5574282a7a96bdc59822d6766fda32b0') in 0.021041 seconds 
========================================================================
Received Import Request.
  Time since last request: 0.000029 seconds.
  path: Assets/UI/Sprites/Icons/8/ArrowSmallRightGreen.png
  artifactKey: Guid(5ea380624ec5bd140899c93529c7ef1c) Importer(815301076,1909f56bfc062723c751e8b465ee728b)
Start importing Assets/UI/Sprites/Icons/8/ArrowSmallRightGreen.png using Guid(5ea380624ec5bd140899c93529c7ef1c) Importer(815301076,1909f56bfc062723c751e8b465ee728b)  -> (artifact id: 'fcf18259a77a4298304df5c998818e88') in 0.022861 seconds 
========================================================================
Received Import Request.
  Time since last request: 0.000029 seconds.
  path: Packages/com.unity.2d.animation/Editor/Assets/SkinningModule/Icons/Light/Create Bones@4x.png
  artifactKey: Guid(f618c5fe13b18994aa5aee8b97d8dca1) Importer(815301076,1909f56bfc062723c751e8b465ee728b)
Start importing Packages/com.unity.2d.animation/Editor/Assets/SkinningModule/Icons/Light/Create Bones@4x.png using Guid(f618c5fe13b18994aa5aee8b97d8dca1) Importer(815301076,1909f56bfc062723c751e8b465ee728b)  -> (artifact id: '74a01b2b4f2b422591551f591d5b5085') in 0.018387 seconds 
========================================================================
Received Import Request.
  Time since last request: 0.000034 seconds.
  path: Assets/UI/Sprites/Icons/8/ArrowUpGreen.png
  artifactKey: Guid(defda91599953d2428711fe3f37fdf11) Importer(815301076,1909f56bfc062723c751e8b465ee728b)
Start importing Assets/UI/Sprites/Icons/8/ArrowUpGreen.png using Guid(defda91599953d2428711fe3f37fdf11) Importer(815301076,1909f56bfc062723c751e8b465ee728b)  -> (artifact id: '4490d6c31e88d91147f8740010dbbb6b') in 0.014642 seconds 
========================================================================
Received Import Request.
  Time since last request: 0.000023 seconds.
  path: Packages/com.unity.2d.animation/Editor/Assets/SkinningModule/Icons/Light/Create_Edge@2x.png
  artifactKey: Guid(3b4e88f5705085042a95960cdcef2561) Importer(815301076,1909f56bfc062723c751e8b465ee728b)
Start importing Packages/com.unity.2d.animation/Editor/Assets/SkinningModule/Icons/Light/Create_Edge@2x.png using Guid(3b4e88f5705085042a95960cdcef2561) Importer(815301076,1909f56bfc062723c751e8b465ee728b)  -> (artifact id: '6cd702b90702bbcdb70bbad0522975c2') in 0.018909 seconds 
========================================================================
Received Import Request.
  Time since last request: 0.000023 seconds.
  path: Assets/UI/Sprites/Icons/8/ArrowSmallUpGreenDark.png
  artifactKey: Guid(c03d9568aaca4d645b46462c0a2b915d) Importer(815301076,1909f56bfc062723c751e8b465ee728b)
Start importing Assets/UI/Sprites/Icons/8/ArrowSmallUpGreenDark.png using Guid(c03d9568aaca4d645b46462c0a2b915d) Importer(815301076,1909f56bfc062723c751e8b465ee728b)  -> (artifact id: '461a7a3959273bf53767617b2c364853') in 0.022389 seconds 
========================================================================
Received Import Request.
  Time since last request: 0.000030 seconds.
  path: Assets/UI/Sprites/Icons/8/CheckGreen.png
  artifactKey: Guid(7ebb475d33a81634e8f3eb98388fc651) Importer(815301076,1909f56bfc062723c751e8b465ee728b)
Start importing Assets/UI/Sprites/Icons/8/CheckGreen.png using Guid(7ebb475d33a81634e8f3eb98388fc651) Importer(815301076,1909f56bfc062723c751e8b465ee728b)  -> (artifact id: '9dc3a1f8b350fb27036cc929dfe8b2fa') in 0.023797 seconds 
========================================================================
Received Import Request.
  Time since last request: 0.000037 seconds.
  path: Assets/UI/Sprites/Icons/8/CheckSmallGreen.png
  artifactKey: Guid(561140e361ceddd43b0d9635a3e6a176) Importer(815301076,1909f56bfc062723c751e8b465ee728b)
Start importing Assets/UI/Sprites/Icons/8/CheckSmallGreen.png using Guid(561140e361ceddd43b0d9635a3e6a176) Importer(815301076,1909f56bfc062723c751e8b465ee728b)  -> (artifact id: '101c8f1087ac7a31e9f6e697362666f4') in 0.019229 seconds 
========================================================================
Received Import Request.
  Time since last request: 0.000110 seconds.
  path: Assets/UI/Sprites/Icons/8/ChatGreenDark.png
  artifactKey: Guid(e673c9c52b8821c4cb0588f28b582c88) Importer(815301076,1909f56bfc062723c751e8b465ee728b)
Start importing Assets/UI/Sprites/Icons/8/ChatGreenDark.png using Guid(e673c9c52b8821c4cb0588f28b582c88) Importer(815301076,1909f56bfc062723c751e8b465ee728b)  -> (artifact id: '367eda07e9fdb1f4e4ecaec0eba02845') in 0.021173 seconds 
========================================================================
Received Import Request.
  Time since last request: 0.000039 seconds.
  path: Packages/com.unity.2d.animation/Editor/Assets/SkinningModule/Icons/Selected/Create Bones@2x.png
  artifactKey: Guid(5b7f664b515582d458717c354f6be292) Importer(815301076,1909f56bfc062723c751e8b465ee728b)
Start importing Packages/com.unity.2d.animation/Editor/Assets/SkinningModule/Icons/Selected/Create Bones@2x.png using Guid(5b7f664b515582d458717c354f6be292) Importer(815301076,1909f56bfc062723c751e8b465ee728b)  -> (artifact id: '7412bb986cc23ee1d508c8fa07e06988') in 0.019342 seconds 
========================================================================
Received Import Request.
  Time since last request: 10.473593 seconds.
  path: Assets/UI/Sprites/Icons/32/Chest01.png
  artifactKey: Guid(fb39b0cbdce1e6347adc13d8ac1a2f13) Importer(815301076,1909f56bfc062723c751e8b465ee728b)
Start importing Assets/UI/Sprites/Icons/32/Chest01.png using Guid(fb39b0cbdce1e6347adc13d8ac1a2f13) Importer(815301076,1909f56bfc062723c751e8b465ee728b)  -> (artifact id: 'fb9f101a8b4152f1e7855ce30553fa34') in 0.019118 seconds 
========================================================================
Received Import Request.
  Time since last request: 0.000055 seconds.
  path: Assets/UI/Sprites/Icons/32/Chest01ContentsGems02.png
  artifactKey: Guid(cbfe525a7a68fa74a8026d7efab3b67f) Importer(815301076,1909f56bfc062723c751e8b465ee728b)
Start importing Assets/UI/Sprites/Icons/32/Chest01ContentsGems02.png using Guid(cbfe525a7a68fa74a8026d7efab3b67f) Importer(815301076,1909f56bfc062723c751e8b465ee728b)  -> (artifact id: '32217bf79b5d293a59c463bf9a31df30') in 0.024590 seconds 
========================================================================
Received Import Request.
  Time since last request: 0.000040 seconds.
  path: Assets/UI/Sprites/Icons/32/Chest01OpenOutlined.png
  artifactKey: Guid(b4f1c0a0e5e9c2f4b95a141d9fc5354a) Importer(815301076,1909f56bfc062723c751e8b465ee728b)
Start importing Assets/UI/Sprites/Icons/32/Chest01OpenOutlined.png using Guid(b4f1c0a0e5e9c2f4b95a141d9fc5354a) Importer(815301076,1909f56bfc062723c751e8b465ee728b)  -> (artifact id: 'ca02f67e850860970f2391c67e7dcd3f') in 0.020626 seconds 
========================================================================
Received Import Request.
  Time since last request: 0.000039 seconds.
  path: Assets/Test/Chest_Text.png
  artifactKey: Guid(6643695786a5fb14db7f96bada7b4455) Importer(815301076,1909f56bfc062723c751e8b465ee728b)
Start importing Assets/Test/Chest_Text.png using Guid(6643695786a5fb14db7f96bada7b4455) Importer(815301076,1909f56bfc062723c751e8b465ee728b)  -> (artifact id: '2a98fca08452e274eaf04261b3404aaa') in 0.029245 seconds 
========================================================================
Received Import Request.
  Time since last request: 0.000026 seconds.
  path: Assets/UI/Sprites/Icons/32/Chest01ContentsSilver.png
  artifactKey: Guid(48610a881f2be634eb4e907710352ca0) Importer(815301076,1909f56bfc062723c751e8b465ee728b)
Start importing Assets/UI/Sprites/Icons/32/Chest01ContentsSilver.png using Guid(48610a881f2be634eb4e907710352ca0) Importer(815301076,1909f56bfc062723c751e8b465ee728b)  -> (artifact id: '30e4c1c297e11585d0bb06c8a5e7034b') in 0.022586 seconds 
========================================================================
Received Import Request.
  Time since last request: 0.000026 seconds.
  path: Assets/UI/Sprites/Icons/32/Chest01Outlined.png
  artifactKey: Guid(c63f875e980ac814ea9040291818fbc2) Importer(815301076,1909f56bfc062723c751e8b465ee728b)
Start importing Assets/UI/Sprites/Icons/32/Chest01Outlined.png using Guid(c63f875e980ac814ea9040291818fbc2) Importer(815301076,1909f56bfc062723c751e8b465ee728b)  -> (artifact id: 'f89af31338b9c02b3edf764159cb41fe') in 0.021033 seconds 
========================================================================
Received Import Request.
  Time since last request: 0.000026 seconds.
  path: Assets/UI/Sprites/Icons/32/Chest01ContentsGoldOutlined.png
  artifactKey: Guid(b39a83b353a25f54082a363a10623e09) Importer(815301076,1909f56bfc062723c751e8b465ee728b)
Start importing Assets/UI/Sprites/Icons/32/Chest01ContentsGoldOutlined.png using Guid(b39a83b353a25f54082a363a10623e09) Importer(815301076,1909f56bfc062723c751e8b465ee728b)  -> (artifact id: 'e85e2d6197531c616d7ac03553ee38f6') in 0.019005 seconds 
========================================================================
Received Import Request.
  Time since last request: 0.000048 seconds.
  path: Assets/UI/Sprites/Icons/32/Chest01ContentsGems02Outlined.png
  artifactKey: Guid(a020639382b6ed44ab525e4e3049b010) Importer(815301076,1909f56bfc062723c751e8b465ee728b)
Start importing Assets/UI/Sprites/Icons/32/Chest01ContentsGems02Outlined.png using Guid(a020639382b6ed44ab525e4e3049b010) Importer(815301076,1909f56bfc062723c751e8b465ee728b)  -> (artifact id: 'f88baa19a9980965d9ee160bf490fde1') in 0.026469 seconds 
========================================================================
Received Import Request.
  Time since last request: 0.000025 seconds.
  path: Assets/UI/Sprites/Icons/32/Chest01ContentsGold.png
  artifactKey: Guid(3636cf72e1b926a49adcae8cd71422cb) Importer(815301076,1909f56bfc062723c751e8b465ee728b)
Start importing Assets/UI/Sprites/Icons/32/Chest01ContentsGold.png using Guid(3636cf72e1b926a49adcae8cd71422cb) Importer(815301076,1909f56bfc062723c751e8b465ee728b)  -> (artifact id: 'f3e624f8adf3e2bc699c36fefe8dc327') in 0.016029 seconds 
========================================================================
Received Prepare
Registering precompiled user dll's ...
Registered in 0.003734 seconds.
Begin MonoManager ReloadAssembly
Symbol file LoadedFromMemory doesn't match image D:\Proiect\Unity\Ecspel\Library\PackageCache\com.unity.visualscripting@1.8.0\Editor\VisualScripting.Core\Dependencies\YamlDotNet\Unity.VisualScripting.YamlDotNet.dll
Symbol file LoadedFromMemory doesn't match image D:\Proiect\Unity\Ecspel\Library\PackageCache\com.unity.visualscripting@1.8.0\Editor\VisualScripting.Core\Dependencies\DotNetZip\Unity.VisualScripting.IonicZip.dll
Native extension for WindowsStandalone target not found
Refreshing native plugins compatible for Editor in 4.27 ms, found 4 plugins.
Preloading 0 native plugins for Editor in 0.00 ms.
Mono: successfully reloaded assembly
- Completed reload, in  1.626 seconds
Domain Reload Profiling:
	ReloadAssembly (1626ms)
		BeginReloadAssembly (178ms)
			ExecutionOrderSort (0ms)
			DisableScriptedObjects (11ms)
			BackupInstance (0ms)
			ReleaseScriptingObjects (0ms)
			CreateAndSetChildDomain (59ms)
		EndReloadAssembly (1334ms)
			LoadAssemblies (118ms)
			RebuildTransferFunctionScriptingTraits (0ms)
			SetupTypeCache (318ms)
			ReleaseScriptCaches (3ms)
			RebuildScriptCaches (72ms)
			SetupLoadedEditorAssemblies (767ms)
				LogAssemblyErrors (0ms)
				InitializePlatformSupportModulesInManaged (5ms)
				SetLoadedEditorAssemblies (1ms)
				RefreshPlugins (4ms)
				BeforeProcessingInitializeOnLoad (111ms)
				ProcessInitializeOnLoadAttributes (528ms)
				ProcessInitializeOnLoadMethodAttributes (109ms)
				AfterProcessingInitializeOnLoad (8ms)
				EditorAssembliesLoaded (0ms)
			ExecutionOrderSort2 (0ms)
			AwakeInstancesAfterBackupRestoration (9ms)
Platform modules already initialized, skipping
Refreshing native plugins compatible for Editor in 4.20 ms, found 4 plugins.
Preloading 0 native plugins for Editor in 0.00 ms.
Unloading 5788 Unused Serialized files (Serialized files now loaded: 0)
Unloading 40 unused Assets / (1.9 MB). Loaded Objects now: 6882.
Memory consumption went from 252.5 MB to 250.5 MB.
Total: 6.067700 ms (FindLiveObjects: 0.508400 ms CreateObjectMapping: 0.396900 ms MarkObjects: 3.800000 ms  DeleteObjects: 1.360700 ms)

AssetImportParameters requested are different than current active one (requested -> active):
  custom:video-decoder-ogg-theora: a1e56fd34408186e4bbccfd4996cb3dc -> 
  custom:container-muxer-webm: aa71ff27fc2769a1b78a27578f13a17b -> 
  custom:container-demuxer-webm: 4f35f7cbe854078d1ac9338744f61a02 -> 
  custom:video-encoder-webm-vp8: eb34c28f22e8b96e1ab97ce403110664 -> 
  custom:video-codec-MediaFoundation-h265: 746d11721c4dcdbdad8f713fa42b33f4 -> 
  custom:audio-encoder-webm-vorbis: bf7c407c2cedff20999df2af8eb42d56 -> 
  custom:framework-win-MediaFoundation: 216162199b28c13a410421893ffa2e32 -> 
  custom:container-demuxer-ogg: 62fdf1f143b41e24485cea50d1cbac27 -> 
  custom:video-decoder-webm-vp8: 9c59270c3fd7afecdb556c50c9e8de78 -> 
  custom:audio-decoder-ogg-vorbis: bf7c407c2cedff20999df2af8eb42d56 -> 
