Using pre-set license
Built from '2021.1/staging' branch; Version is '2021.1.20f1 (be552157821d) revision 12473633'; Using compiler version '192528614'; Build Type 'Release'
OS: 'Windows 10 Pro; OS build 19043.1165; Version 2009; 64bit' Language: 'en' Physical Memory: 16338 MB
BatchMode: 1, IsHumanControllingUs: 0, StartBugReporterOnCrash: 0, Is64bit: 1, IsPro: 0

COMMAND LINE ARGUMENTS:
C:\Program Files\Unity\Hub\Editor\2021.1.20f1\Editor\Unity.exe
-adb2
-batchMode
-noUpm
-name
AssetImportWorker5
-projectPath
D:/Ecspel/TIA_Portal_STEP_7_Pro_WINCC_Adv_V15.exe
-logFile
Logs/AssetImportWorker5.log
-srvPort
60834
Successfully changed project path to: D:/Ecspel/TIA_Portal_STEP_7_Pro_WINCC_Adv_V15.exe
D:/Ecspel/TIA_Portal_STEP_7_Pro_WINCC_Adv_V15.exe
Using Asset Import Pipeline V2.
