
=== Fri Aug 13 19:17:27 2021

Packages were changed.
Update Mode: mergeDefaultDependencies

The following packages were added:
  com.unity.collab-proxy@1.7.1
  com.unity.ide.rider@3.0.7
  com.unity.ide.visualstudio@2.0.9
  com.unity.ide.vscode@1.2.3
  com.unity.modules.ai@1.0.0
  com.unity.modules.androidjni@1.0.0
  com.unity.modules.animation@1.0.0
  com.unity.modules.assetbundle@1.0.0
  com.unity.modules.audio@1.0.0
  com.unity.modules.cloth@1.0.0
  com.unity.modules.director@1.0.0
  com.unity.modules.imageconversion@1.0.0
  com.unity.modules.imgui@1.0.0
  com.unity.modules.jsonserialize@1.0.0
  com.unity.modules.particlesystem@1.0.0
  com.unity.modules.physics@1.0.0
  com.unity.modules.physics2d@1.0.0
  com.unity.modules.screencapture@1.0.0
  com.unity.modules.terrain@1.0.0
  com.unity.modules.terrainphysics@1.0.0
  com.unity.modules.tilemap@1.0.0
  com.unity.modules.ui@1.0.0
  com.unity.modules.uielements@1.0.0
  com.unity.modules.umbra@1.0.0
  com.unity.modules.unityanalytics@1.0.0
  com.unity.modules.unitywebrequest@1.0.0
  com.unity.modules.unitywebrequestassetbundle@1.0.0
  com.unity.modules.unitywebrequestaudio@1.0.0
  com.unity.modules.unitywebrequesttexture@1.0.0
  com.unity.modules.unitywebrequestwww@1.0.0
  com.unity.modules.vehicles@1.0.0
  com.unity.modules.video@1.0.0
  com.unity.modules.vr@1.0.0
  com.unity.modules.wind@1.0.0
  com.unity.modules.xr@1.0.0
  com.unity.test-framework@1.1.27
  com.unity.textmeshpro@3.0.6
  com.unity.timeline@1.5.6
  com.unity.ugui@1.0.0
  com.unity.visualscripting@1.6.1
The following packages were updated:
  com.unity.2d.animation from version 6.0.1 to 6.0.4
  com.unity.2d.psdimporter from version 5.0.1 to 5.0.4
  com.unity.2d.spriteshape from version 6.0.0 to 6.0.1

=== Sat Aug 28 13:49:09 2021

Packages were changed.
Update Mode: updateDependencies

The following packages were updated:
  com.unity.2d.tilemap.extras from version 2.0.0 to 2.2.0

=== Mon Sep  6 21:11:03 2021

Packages were changed.
Update Mode: updateDependencies

The following packages were updated:
  com.unity.collab-proxy from version 1.7.1 to 1.9.0

=== Mon Sep 20 21:06:56 2021

Packages were changed.
Update Mode: updateDependencies

The following packages were updated:
  com.unity.ide.vscode from version 1.2.3 to 1.2.4

=== Sun Oct 10 19:49:52 2021

Packages were changed.
Update Mode: updateDependencies

The following packages were updated:
  com.unity.collab-proxy from version 1.9.0 to 1.11.2

=== Fri Oct 22 10:11:44 2021

Packages were changed.
Update Mode: updateDependencies

The following packages were updated:
  com.unity.collab-proxy from version 1.11.2 to 1.13.5

=== Fri Nov  5 13:19:31 2021

Packages were changed.
Update Mode: updateDependencies

The following packages were updated:
  com.unity.timeline from version 1.5.6 to 1.5.7

=== Sun Nov 21 12:52:21 2021

Packages were changed.
Update Mode: updateDependencies

The following packages were updated:
  com.unity.2d.animation from version 6.0.7 to 7.0.1
  com.unity.2d.psdimporter from version 5.0.6 to 6.0.1
  com.unity.2d.spriteshape from version 6.0.2 to 7.0.2
  com.unity.collab-proxy from version 1.13.5 to 1.15.1
  com.unity.render-pipelines.universal from version 11.0.0 to 12.1.1
  com.unity.timeline from version 1.5.7 to 1.6.2
  com.unity.visualscripting from version 1.6.1 to 1.7.5

=== Fri Dec  3 21:34:11 2021

Packages were changed.
Update Mode: updateDependencies

The following packages were updated:
  com.unity.render-pipelines.universal from version 12.1.1 to 12.1.2

=== Fri Jan 14 11:17:11 2022

Packages were changed.
Update Mode: updateDependencies

The following packages were updated:
  com.unity.2d.animation from version 7.0.2 to 7.0.3
  com.unity.2d.psdimporter from version 6.0.1 to 6.0.2
  com.unity.collab-proxy from version 1.15.4 to 1.15.7
  com.unity.ide.rider from version 3.0.7 to 3.0.9
  com.unity.render-pipelines.universal from version 12.1.2 to 12.1.3

=== Fri Jan 28 13:29:32 2022

Packages were changed.
Update Mode: updateDependencies

The following packages were updated:
  com.unity.render-pipelines.universal from version 12.1.3 to 12.1.4

=== Thu Feb  3 18:33:23 2022

Packages were changed.
Update Mode: updateDependencies

The following packages were updated:
  com.unity.inputsystem from version 1.2.0 to 1.3.0

=== Fri Feb 18 23:02:10 2022

Packages were changed.
Update Mode: updateDependencies

The following packages were updated:
  com.unity.collab-proxy from version 1.15.9 to 1.15.12
  com.unity.ide.rider from version 3.0.10 to 3.0.12

=== Fri Feb 25 22:55:59 2022

Packages were changed.
Update Mode: updateDependencies

The following packages were updated:
  com.unity.ide.vscode from version 1.2.4 to 1.2.5
  com.unity.timeline from version 1.6.3 to 1.6.4

=== Fri Mar  4 00:18:04 2022

Packages were changed.
Update Mode: updateDependencies

The following packages were updated:
  com.unity.render-pipelines.universal from version 12.1.4 to 12.1.5

=== Sat Mar 12 12:31:40 2022

Packages were changed.
Update Mode: updateDependencies

The following packages were updated:
  com.unity.collab-proxy from version 1.15.12 to 1.15.13
  com.unity.test-framework from version 1.1.30 to 1.1.31

=== Fri Mar 18 10:04:37 2022

Packages were changed.
Update Mode: updateDependencies

The following packages were updated:
  com.unity.2d.animation from version 7.0.3 to 7.0.4
  com.unity.2d.psdimporter from version 6.0.2 to 6.0.3
  com.unity.2d.spriteshape from version 7.0.3 to 7.0.4
  com.unity.postprocessing from version 3.2.0 to 3.2.1
  com.unity.render-pipelines.universal from version 12.1.5 to 12.1.6

=== Mon Apr 11 14:16:45 2022

Packages were changed.
Update Mode: updateDependencies

The following packages were updated:
  com.unity.collab-proxy from version 1.15.13 to 1.15.15
  com.unity.ide.rider from version 3.0.12 to 3.0.13

=== Sat May  7 11:35:11 2022

Packages were changed.
Update Mode: updateDependencies

The following packages were updated:
  com.unity.2d.animation from version 7.0.4 to 7.0.5
  com.unity.2d.tilemap.extras from version 2.2.1 to 2.2.2
  com.unity.collab-proxy from version 1.15.15 to 1.15.16
  com.unity.postprocessing from version 3.2.1 to 3.2.2

=== Mon May 23 12:45:38 2022

Packages were changed.
Update Mode: updateDependencies

The following packages were updated:
  com.unity.ide.rider from version 3.0.13 to 3.0.14
  com.unity.ide.visualstudio from version 2.0.14 to 2.0.15

=== Sat Jun  4 22:44:45 2022

Packages were changed.
Update Mode: updateDependencies

The following packages were updated:
  com.unity.collab-proxy from version 1.15.16 to 1.15.17
  com.unity.render-pipelines.universal from version 12.1.6 to 12.1.7
  com.unity.visualscripting from version 1.7.6 to 1.7.8

=== Tue Oct 18 22:47:11 2022

Packages were changed.
Update Mode: updateDependencies

The following packages were updated:
  com.unity.2d.animation from version 7.0.5 to 7.0.7
  com.unity.2d.psdimporter from version 6.0.3 to 6.0.5
  com.unity.2d.spriteshape from version 7.0.4 to 7.0.6
  com.unity.2d.tilemap.extras from version 2.2.2 to 2.2.3
  com.unity.collab-proxy from version 1.15.17 to 1.17.2
  com.unity.ide.rider from version 3.0.14 to 3.0.15
  com.unity.ide.visualstudio from version 2.0.15 to 2.0.16
  com.unity.inputsystem from version 1.3.0 to 1.4.2

=== Wed Oct 26 20:27:44 2022

Packages were changed.
Update Mode: updateDependencies

The following packages were updated:
  com.unity.2d.animation from version 7.0.7 to 7.0.8
  com.unity.2d.psdimporter from version 6.0.5 to 6.0.6
  com.unity.inputsystem from version 1.4.2 to 1.4.3

=== Mon Nov  7 22:41:01 2022

Packages were changed.
Update Mode: updateDependencies

The following packages were updated:
  com.unity.collab-proxy from version 1.17.2 to 1.17.6

=== Fri Nov 18 14:28:27 2022

Packages were changed.
Update Mode: updateDependencies

The following packages were updated:
  com.unity.ide.rider from version 3.0.15 to 3.0.16
  com.unity.inputsystem from version 1.4.3 to 1.4.4
  com.unity.render-pipelines.universal from version 12.1.7 to 12.1.8

=== Wed Jan 25 11:25:26 2023

Packages were changed.
Update Mode: updateDependencies

The following packages were updated:
  com.unity.2d.psdimporter from version 6.0.6 to 6.0.7
  com.unity.2d.tilemap.extras from version 2.2.3 to 2.2.4
  com.unity.ide.rider from version 3.0.16 to 3.0.18
  com.unity.ide.visualstudio from version 2.0.16 to 2.0.17
  com.unity.render-pipelines.universal from version 12.1.8 to 12.1.9
  com.unity.visualscripting from version 1.7.8 to 1.8.0

=== Fri Feb  3 22:28:32 2023

Packages were changed.
Update Mode: updateDependencies

The following packages were updated:
  com.unity.collab-proxy from version 1.17.7 to 2.0.0
  com.unity.render-pipelines.universal from version 12.1.9 to 12.1.10

=== Sat Feb 18 00:03:01 2023

Packages were changed.
Update Mode: updateDependencies

The following packages were updated:
  com.unity.inputsystem from version 1.4.4 to 1.5.0

=== Sat Mar  4 02:37:55 2023

Packages were changed.
Update Mode: updateDependencies

The following packages were updated:
  com.unity.collab-proxy from version 2.0.0 to 2.0.1

=== Tue Apr 11 22:15:01 2023

Packages were changed.
Update Mode: updateDependencies

The following packages were updated:
  com.unity.2d.animation from version 7.0.9 to 7.0.10
  com.unity.2d.spriteshape from version 7.0.6 to 7.0.7
  com.unity.2d.tilemap.extras from version 2.2.4 to 2.2.5

=== Mon Apr 24 10:18:29 2023

Packages were changed.
Update Mode: updateDependencies

The following packages were updated:
  com.unity.collab-proxy from version 2.0.1 to 2.0.3
  com.unity.inputsystem from version 1.5.0 to 1.5.1
  com.unity.render-pipelines.universal from version 12.1.10 to 12.1.11

=== Fri Jul 14 22:33:18 2023

Packages were changed.
Update Mode: updateDependencies

The following packages were added:
  com.unity.ai.navigation@1.1.4
The following packages were updated:
  com.unity.2d.animation from version 7.0.10 to 9.0.3
  com.unity.2d.psdimporter from version 6.0.7 to 8.0.2
  com.unity.2d.spriteshape from version 7.0.7 to 9.0.2
  com.unity.2d.tilemap.extras from version 2.2.5 to 3.1.0
  com.unity.collab-proxy from version 2.0.3 to 2.0.5
  com.unity.ide.rider from version 3.0.18 to 3.0.24
  com.unity.ide.visualstudio from version 2.0.17 to 2.0.18
  com.unity.inputsystem from version 1.5.1 to 1.6.1
  com.unity.render-pipelines.universal from version 12.1.11 to 14.0.8
  com.unity.timeline from version 1.6.4 to 1.7.4

=== Wed Jul 19 00:31:24 2023

Packages were changed.
Update Mode: updateDependencies

The following packages were updated:
  com.unity.2d.tilemap.extras from version 3.1.0 to 3.1.1
  com.unity.timeline from version 1.7.4 to 1.7.5

=== Fri Aug  4 21:05:43 2023

Packages were changed.
Update Mode: updateDependencies

The following packages were updated:
  com.unity.inputsystem from version 1.6.1 to 1.6.3

=== Mon Aug 28 13:16:51 2023

Packages were changed.
Update Mode: updateDependencies

The following packages were updated:
  com.unity.collab-proxy from version 2.0.5 to 2.0.7
  com.unity.visualscripting from version 1.8.0 to 1.9.0

=== Tue Sep 12 23:15:09 2023

Packages were changed.
Update Mode: updateDependencies

The following packages were updated:
  com.unity.inputsystem from version 1.6.3 to 1.7.0

=== Wed Oct 11 18:25:01 2023

Packages were changed.
Update Mode: updateDependencies

The following packages were updated:
  com.unity.2d.animation from version 9.0.3 to 9.0.4
  com.unity.2d.tilemap.extras from version 3.1.1 to 3.1.2
  com.unity.ai.navigation from version 1.1.4 to 1.1.5
  com.unity.collab-proxy from version 2.0.7 to 2.1.0
  com.unity.ide.rider from version 3.0.24 to 3.0.25
  com.unity.ide.visualstudio from version 2.0.20 to 2.0.21
  com.unity.render-pipelines.universal from version 14.0.8 to 14.0.9

=== Thu Oct 26 21:41:59 2023

Packages were changed.
Update Mode: updateDependencies

The following packages were updated:
  com.unity.collab-proxy from version 2.1.0 to 2.2.0
  com.unity.timeline from version 1.7.5 to 1.7.6

=== Wed Nov  8 22:59:45 2023

Packages were changed.
Update Mode: updateDependencies

The following packages were updated:
  com.unity.ide.rider from version 3.0.25 to 3.0.26
  com.unity.ide.visualstudio from version 2.0.21 to 2.0.22

=== Tue Dec 19 16:51:10 2023

Packages were changed.
Update Mode: updateDependencies

The following packages were updated:
  com.unity.2d.psdimporter from version 8.0.2 to 8.0.3
  com.unity.ide.rider from version 3.0.26 to 3.0.27

=== Thu Jan 11 23:40:26 2024

Packages were changed.
Update Mode: updateDependencies

The following packages were updated:
  com.unity.postprocessing from version 3.2.2 to 3.4.0

=== Mon Jan 22 22:30:14 2024

Packages were changed.
Update Mode: updateDependencies

The following packages were updated:
  com.unity.render-pipelines.universal from version 14.0.9 to 14.0.10

=== Sat Feb  3 00:47:52 2024

Packages were changed.
Update Mode: updateDependencies

The following packages were updated:
  com.unity.2d.animation from version 9.0.4 to 9.1.0

=== Thu Mar 21 10:58:01 2024

Packages were changed.
Update Mode: updateDependencies

The following packages were updated:
  com.unity.collab-proxy from version 2.2.0 to 2.3.1
  com.unity.ide.rider from version 3.0.27 to 3.0.28
  com.unity.visualscripting from version 1.9.1 to 1.9.2
